<?xml version="1.0" encoding="UTF-8"?>
<!-- Generated by org.testng.reporters.JUnitReportReporter -->
<testsuite hostname="DESKTOP-54G52SJ" failures="0" tests="1" name="com.apt.qa.testcases.LoginPageTest" time="13.965" errors="0" timestamp="2022-01-09T13:15:31 IST" skipped="0">
  <testcase classname="com.apt.qa.testcases.LoginPageTest" name="loginPageTitleTest" time="13.965"/>
  <system-out/>
</testsuite> <!-- com.apt.qa.testcases.LoginPageTest -->
