<?xml version="1.0" encoding="UTF-8"?>
<!-- Generated by org.testng.reporters.JUnitReportReporter -->
<testsuite hostname="DESKTOP-2EFCOPA" failures="0" tests="1" name="com.apt.qa.testcases.LoginPageTest" time="30.520" errors="0" timestamp="2022-01-05T16:20:37 IST" skipped="0">
  <testcase classname="com.apt.qa.testcases.LoginPageTest" name="loginPageTitleTest" time="30.520"/>
  <system-out/>
</testsuite> <!-- com.apt.qa.testcases.LoginPageTest -->
